Performing C++ SOURCE FILE Test CMAKE_HAVE_LIBC_PTHREAD failed with the following output:
Change Dir: /home/radxa/vscode_scripts/rplidar_rock/build/CMakeFiles/CMakeTmp

Run Build Command(s):/usr/bin/gmake cmTC_73655/fast && /usr/bin/gmake  -f CMakeFiles/cmTC_73655.dir/build.make CMakeFiles/cmTC_73655.dir/build
gmake[1]: Entering directory '/home/radxa/vscode_scripts/rplidar_rock/build/CMakeFiles/CMakeTmp'
Building CXX object CMakeFiles/cmTC_73655.dir/src.cxx.o
/usr/bin/c++   -DCMAKE_HAVE_LIBC_PTHREAD -o CMakeFiles/cmTC_73655.dir/src.cxx.o -c /home/radxa/vscode_scripts/rplidar_rock/build/CMakeFiles/CMakeTmp/src.cxx
Linking CXX executable cmTC_73655
/usr/bin/cmake -E cmake_link_script CMakeFiles/cmTC_73655.dir/link.txt --verbose=1
/usr/bin/c++  -DCMAKE_HAVE_LIBC_PTHREAD -rdynamic CMakeFiles/cmTC_73655.dir/src.cxx.o -o cmTC_73655 
/usr/bin/ld: CMakeFiles/cmTC_73655.dir/src.cxx.o: in function `main':
src.cxx:(.text+0x34): undefined reference to `pthread_create'
/usr/bin/ld: src.cxx:(.text+0x3c): undefined reference to `pthread_detach'
/usr/bin/ld: src.cxx:(.text+0x44): undefined reference to `pthread_cancel'
/usr/bin/ld: src.cxx:(.text+0x50): undefined reference to `pthread_join'
collect2: error: ld returned 1 exit status
gmake[1]: *** [CMakeFiles/cmTC_73655.dir/build.make:106: cmTC_73655] Error 1
gmake[1]: Leaving directory '/home/radxa/vscode_scripts/rplidar_rock/build/CMakeFiles/CMakeTmp'
gmake: *** [Makefile:140: cmTC_73655/fast] Error 2


Source file was:
#include <pthread.h>

void* test_func(void* data)
{
  return data;
}

int main(void)
{
  pthread_t thread;
  pthread_create(&thread, NULL, test_func, NULL);
  pthread_detach(thread);
  pthread_cancel(thread);
  pthread_join(thread, NULL);
  pthread_atfork(NULL, NULL, NULL);
  pthread_exit(NULL);

  return 0;
}

Determining if the function pthread_create exists in the pthreads failed with the following output:
Change Dir: /home/radxa/vscode_scripts/rplidar_rock/build/CMakeFiles/CMakeTmp

Run Build Command(s):/usr/bin/gmake cmTC_64788/fast && /usr/bin/gmake  -f CMakeFiles/cmTC_64788.dir/build.make CMakeFiles/cmTC_64788.dir/build
gmake[1]: Entering directory '/home/radxa/vscode_scripts/rplidar_rock/build/CMakeFiles/CMakeTmp'
Building CXX object CMakeFiles/cmTC_64788.dir/CheckFunctionExists.cxx.o
/usr/bin/c++   -DCHECK_FUNCTION_EXISTS=pthread_create -o CMakeFiles/cmTC_64788.dir/CheckFunctionExists.cxx.o -c /home/radxa/vscode_scripts/rplidar_rock/build/CMakeFiles/CheckLibraryExists/CheckFunctionExists.cxx
Linking CXX executable cmTC_64788
/usr/bin/cmake -E cmake_link_script CMakeFiles/cmTC_64788.dir/link.txt --verbose=1
/usr/bin/c++  -DCHECK_FUNCTION_EXISTS=pthread_create -rdynamic CMakeFiles/cmTC_64788.dir/CheckFunctionExists.cxx.o -o cmTC_64788  -lpthreads 
/usr/bin/ld: cannot find -lpthreads
collect2: error: ld returned 1 exit status
gmake[1]: *** [CMakeFiles/cmTC_64788.dir/build.make:106: cmTC_64788] Error 1
gmake[1]: Leaving directory '/home/radxa/vscode_scripts/rplidar_rock/build/CMakeFiles/CMakeTmp'
gmake: *** [Makefile:140: cmTC_64788/fast] Error 2



